<?xml version="1.0" encoding="UTF-8"?>
<!-- Generated by org.testng.reporters.JUnitReportReporter -->
<testsuite hostname="USBLRMKALAMSHA7" failures="0" tests="1" name="com.testing.cpsat.mock.ExamQ1" time="20.472" errors="0" timestamp="2021-09-09T18:05:53 IST" skipped="0">
  <testcase classname="com.testing.cpsat.mock.ExamQ1" name="test" time="20.472"/>
  <system-out/>
</testsuite> <!-- com.testing.cpsat.mock.ExamQ1 -->
