<?xml version="1.0" encoding="UTF-8"?>
<!-- Generated by org.testng.reporters.JUnitReportReporter -->
<testsuite hostname="USBLRMKALAMSHA7" failures="0" tests="4" name="com.testing.cpsat.mock.Practice1" time="23.613" errors="0" timestamp="2021-09-26T14:17:58 IST" skipped="0">
  <testcase classname="com.testing.cpsat.mock.Practice1" name="initial" time="12.248"/>
  <system-out/>
  <testcase classname="com.testing.cpsat.mock.Practice1" name="test" time="4.915"/>
  <system-out/>
  <testcase classname="com.testing.cpsat.mock.Practice1" name="test" time="3.216"/>
  <system-out/>
  <testcase classname="com.testing.cpsat.mock.Practice1" name="test" time="3.234"/>
  <system-out/>
</testsuite> <!-- com.testing.cpsat.mock.Practice1 -->
