<?xml version="1.0" encoding="UTF-8"?>
<!-- Generated by org.testng.reporters.JUnitReportReporter -->
<testsuite hostname="USBLRHIMANSHUJ1" name="practice2.Question3" tests="1" failures="0" timestamp="25 Nov 2019 06:59:14 GMT" time="8.406" errors="0">
  <testcase name="Test1" time="8.406" classname="practice2.Question3"/>
</testsuite> <!-- practice2.Question3 -->
