<?xml version="1.0" encoding="UTF-8"?>
<!-- Generated by org.testng.reporters.JUnitReportReporter -->
<testsuite hostname="USBLRMKALAMSHA7" failures="0" tests="2" name="com.testing.cpsat.mock.Set2Aquestion4Sample2" time="22.699" errors="0" timestamp="2021-09-14T15:30:54 IST" skipped="0">
  <testcase classname="com.testing.cpsat.mock.Set2Aquestion4Sample2" name="test" time="11.604"/>
  <system-out/>
  <testcase classname="com.testing.cpsat.mock.Set2Aquestion4Sample2" name="test" time="11.095"/>
  <system-out/>
</testsuite> <!-- com.testing.cpsat.mock.Set2Aquestion4Sample2 -->
