<?xml version="1.0" encoding="UTF-8"?>
<!-- Generated by org.testng.reporters.JUnitReportReporter -->
<testsuite hostname="USBLRMKALAMSHA7" failures="0" tests="1" name="com.testing.cpsat.mock.TestPrac" time="4.181" errors="0" timestamp="2022-03-07T13:04:01 IST" skipped="0">
  <testcase classname="com.testing.cpsat.mock.TestPrac" name="test_Sample" time="4.181"/>
  <system-out/>
</testsuite> <!-- com.testing.cpsat.mock.TestPrac -->
