<?xml version="1.0" encoding="UTF-8"?>
<!-- Generated by org.testng.reporters.JUnitReportReporter -->
<testsuite hostname="USBLRHIMANSHUJ1" name="practice.Question3" tests="3" failures="0" timestamp="24 Nov 2019 17:07:18 GMT" time="257.988" errors="0">
  <testcase name="question3Test3" time="91.870" classname="practice.Question3"/>
  <testcase name="question3Test2" time="75.314" classname="practice.Question3"/>
  <testcase name="question3Test1" time="90.804" classname="practice.Question3"/>
</testsuite> <!-- practice.Question3 -->
