<?xml version="1.0" encoding="UTF-8"?>
<!-- Generated by org.testng.reporters.JUnitReportReporter -->
<testsuite hostname="USBLRMKALAMSHA7" failures="0" tests="6" name="com.testing.cpsat.mock.CPSAT_Question2" time="19.515" errors="0" timestamp="2021-09-27T11:39:36 IST" skipped="0">
  <testcase classname="com.testing.cpsat.mock.CPSAT_Question2" name="testInitial" time="5.355"/>
  <system-out/>
  <testcase classname="com.testing.cpsat.mock.CPSAT_Question2" name="test" time="2.757"/>
  <system-out/>
  <testcase classname="com.testing.cpsat.mock.CPSAT_Question2" name="test" time="3.127"/>
  <system-out/>
  <testcase classname="com.testing.cpsat.mock.CPSAT_Question2" name="test" time="2.844"/>
  <system-out/>
  <testcase classname="com.testing.cpsat.mock.CPSAT_Question2" name="test" time="2.680"/>
  <system-out/>
  <testcase classname="com.testing.cpsat.mock.CPSAT_Question2" name="test" time="2.752"/>
  <system-out/>
</testsuite> <!-- com.testing.cpsat.mock.CPSAT_Question2 -->
