<?xml version="1.0" encoding="UTF-8"?>
<!-- Generated by org.testng.reporters.JUnitReportReporter -->
<testsuite hostname="USBLRMKALAMSHA7" failures="0" tests="1" name="com.testing.cpsat.mock.CPSAT_Question4" time="3.116" errors="0" timestamp="2021-09-27T11:39:36 IST" skipped="0">
  <testcase classname="com.testing.cpsat.mock.CPSAT_Question4" name="test" time="3.116"/>
  <system-out/>
</testsuite> <!-- com.testing.cpsat.mock.CPSAT_Question4 -->
