<?xml version="1.0" encoding="UTF-8"?>
<!-- Generated by org.testng.reporters.JUnitReportReporter -->
<testsuite hostname="USBLRMKALAMSHA7" failures="0" tests="9" name="MAINEtest.test_AddingHHMembers" time="0.000" errors="0" timestamp="2021-12-01T11:45:03 IST" skipped="9">
  <testcase classname="MAINEtest.test_AddingHHMembers" name="clickStartHM" time="0.000">
    <skipped/>
  </testcase> <!-- clickStartHM -->
  <system-out/>
  <testcase classname="MAINEtest.test_AddingHHMembers" name="validateAddingHHmembersForRegression" time="0.000">
    <skipped/>
  </testcase> <!-- validateAddingHHmembersForRegression -->
  <system-out/>
  <testcase classname="MAINEtest.test_AddingHHMembers" name="validateAddingHHmembersForRegression" time="0.000">
    <skipped/>
  </testcase> <!-- validateAddingHHmembersForRegression -->
  <system-out/>
  <testcase classname="MAINEtest.test_AddingHHMembers" name="validateAddingHHmembersForRegression" time="0.000">
    <skipped/>
  </testcase> <!-- validateAddingHHmembersForRegression -->
  <system-out/>
  <testcase classname="MAINEtest.test_AddingHHMembers" name="validateAddingHHmembersForRegression" time="0.000">
    <skipped/>
  </testcase> <!-- validateAddingHHmembersForRegression -->
  <system-out/>
  <testcase classname="MAINEtest.test_AddingHHMembers" name="validateAddingHHmembersForRegression" time="0.000">
    <skipped/>
  </testcase> <!-- validateAddingHHmembersForRegression -->
  <system-out/>
  <testcase classname="MAINEtest.test_AddingHHMembers" name="validateAddingHHmembersForRegression" time="0.000">
    <skipped/>
  </testcase> <!-- validateAddingHHmembersForRegression -->
  <system-out/>
  <testcase classname="MAINEtest.test_AddingHHMembers" name="validateAddingHHmembersForRegression" time="0.000">
    <skipped/>
  </testcase> <!-- validateAddingHHmembersForRegression -->
  <system-out/>
  <testcase classname="MAINEtest.test_AddingHHMembers" name="clickNextOnHMS" time="0.000">
    <skipped/>
  </testcase> <!-- clickNextOnHMS -->
  <system-out/>
</testsuite> <!-- MAINEtest.test_AddingHHMembers -->
