<?xml version="1.0" encoding="UTF-8"?>
<!-- Generated by org.testng.reporters.JUnitReportReporter -->
<testsuite hostname="USBLRMKALAMSHA7" failures="0" tests="1" name="MAINEtest.test_HHInfo_IncomeandSubScreen" time="23.745" errors="0" timestamp="2021-12-01T17:27:28 IST" skipped="0">
  <testcase classname="MAINEtest.test_HHInfo_IncomeandSubScreen" name="validateHHinfoIncandSub" time="23.745"/>
  <system-out/>
</testsuite> <!-- MAINEtest.test_HHInfo_IncomeandSubScreen -->
