<?xml version="1.0" encoding="UTF-8"?>
<!-- Generated by org.testng.reporters.JUnitReportReporter -->
<testsuite hostname="USBLRMKALAMSHA7" failures="0" tests="7" name="MAINEtest.test_MemDetailsScreen" time="1475.464" errors="0" timestamp="2021-12-01T17:27:28 IST" skipped="0">
  <testcase classname="MAINEtest.test_MemDetailsScreen" name="validateMemdetails" time="157.362"/>
  <system-out/>
  <testcase classname="MAINEtest.test_MemDetailsScreen" name="validateMemdetails" time="214.022"/>
  <system-out/>
  <testcase classname="MAINEtest.test_MemDetailsScreen" name="validateMemdetails" time="244.219"/>
  <system-out/>
  <testcase classname="MAINEtest.test_MemDetailsScreen" name="validateMemdetails" time="381.406"/>
  <system-out/>
  <testcase classname="MAINEtest.test_MemDetailsScreen" name="validateMemdetails" time="122.403"/>
  <system-out/>
  <testcase classname="MAINEtest.test_MemDetailsScreen" name="validateMemdetails" time="151.163"/>
  <system-out/>
  <testcase classname="MAINEtest.test_MemDetailsScreen" name="validateMemdetails" time="204.889"/>
  <system-out/>
</testsuite> <!-- MAINEtest.test_MemDetailsScreen -->
