<?xml version="1.0" encoding="UTF-8"?>
<!-- Generated by org.testng.reporters.JUnitReportReporter -->
<testsuite hostname="USBLRMKALAMSHA7" failures="0" tests="43" name="MAINEtest.test_RelationshipandTaxfillingScreens" time="0.000" errors="0" timestamp="2021-12-01T11:45:03 IST" skipped="43">
  <testcase classname="MAINEtest.test_RelationshipandTaxfillingScreens" name="validateInitialRelationshipandTax" time="0.000">
    <skipped/>
  </testcase> <!-- validateInitialRelationshipandTax -->
  <system-out/>
  <testcase classname="MAINEtest.test_RelationshipandTaxfillingScreens" name="validateRelationshipandTax" time="0.000">
    <skipped/>
  </testcase> <!-- validateRelationshipandTax -->
  <system-out/>
  <testcase classname="MAINEtest.test_RelationshipandTaxfillingScreens" name="validateRelationshipandTax" time="0.000">
    <skipped/>
  </testcase> <!-- validateRelationshipandTax -->
  <system-out/>
  <testcase classname="MAINEtest.test_RelationshipandTaxfillingScreens" name="validateRelationshipandTax" time="0.000">
    <skipped/>
  </testcase> <!-- validateRelationshipandTax -->
  <system-out/>
  <testcase classname="MAINEtest.test_RelationshipandTaxfillingScreens" name="validateRelationshipandTax" time="0.000">
    <skipped/>
  </testcase> <!-- validateRelationshipandTax -->
  <system-out/>
  <testcase classname="MAINEtest.test_RelationshipandTaxfillingScreens" name="validateRelationshipandTax" time="0.000">
    <skipped/>
  </testcase> <!-- validateRelationshipandTax -->
  <system-out/>
  <testcase classname="MAINEtest.test_RelationshipandTaxfillingScreens" name="validateRelationshipandTax" time="0.000">
    <skipped/>
  </testcase> <!-- validateRelationshipandTax -->
  <system-out/>
  <testcase classname="MAINEtest.test_RelationshipandTaxfillingScreens" name="validateRelationshipandTax" time="0.000">
    <skipped/>
  </testcase> <!-- validateRelationshipandTax -->
  <system-out/>
  <testcase classname="MAINEtest.test_RelationshipandTaxfillingScreens" name="validateRelationshipandTax" time="0.000">
    <skipped/>
  </testcase> <!-- validateRelationshipandTax -->
  <system-out/>
  <testcase classname="MAINEtest.test_RelationshipandTaxfillingScreens" name="validateRelationshipandTax" time="0.000">
    <skipped/>
  </testcase> <!-- validateRelationshipandTax -->
  <system-out/>
  <testcase classname="MAINEtest.test_RelationshipandTaxfillingScreens" name="validateRelationshipandTax" time="0.000">
    <skipped/>
  </testcase> <!-- validateRelationshipandTax -->
  <system-out/>
  <testcase classname="MAINEtest.test_RelationshipandTaxfillingScreens" name="validateRelationshipandTax" time="0.000">
    <skipped/>
  </testcase> <!-- validateRelationshipandTax -->
  <system-out/>
  <testcase classname="MAINEtest.test_RelationshipandTaxfillingScreens" name="validateRelationshipandTax" time="0.000">
    <skipped/>
  </testcase> <!-- validateRelationshipandTax -->
  <system-out/>
  <testcase classname="MAINEtest.test_RelationshipandTaxfillingScreens" name="validateRelationshipandTax" time="0.000">
    <skipped/>
  </testcase> <!-- validateRelationshipandTax -->
  <system-out/>
  <testcase classname="MAINEtest.test_RelationshipandTaxfillingScreens" name="validateRelationshipandTax" time="0.000">
    <skipped/>
  </testcase> <!-- validateRelationshipandTax -->
  <system-out/>
  <testcase classname="MAINEtest.test_RelationshipandTaxfillingScreens" name="validateRelationshipandTax" time="0.000">
    <skipped/>
  </testcase> <!-- validateRelationshipandTax -->
  <system-out/>
  <testcase classname="MAINEtest.test_RelationshipandTaxfillingScreens" name="validateRelationshipandTax" time="0.000">
    <skipped/>
  </testcase> <!-- validateRelationshipandTax -->
  <system-out/>
  <testcase classname="MAINEtest.test_RelationshipandTaxfillingScreens" name="validateRelationshipandTax" time="0.000">
    <skipped/>
  </testcase> <!-- validateRelationshipandTax -->
  <system-out/>
  <testcase classname="MAINEtest.test_RelationshipandTaxfillingScreens" name="validateRelationshipandTax" time="0.000">
    <skipped/>
  </testcase> <!-- validateRelationshipandTax -->
  <system-out/>
  <testcase classname="MAINEtest.test_RelationshipandTaxfillingScreens" name="validateRelationshipandTax" time="0.000">
    <skipped/>
  </testcase> <!-- validateRelationshipandTax -->
  <system-out/>
  <testcase classname="MAINEtest.test_RelationshipandTaxfillingScreens" name="validateRelationshipandTax" time="0.000">
    <skipped/>
  </testcase> <!-- validateRelationshipandTax -->
  <system-out/>
  <testcase classname="MAINEtest.test_RelationshipandTaxfillingScreens" name="validateRelationshipandTax" time="0.000">
    <skipped/>
  </testcase> <!-- validateRelationshipandTax -->
  <system-out/>
  <testcase classname="MAINEtest.test_RelationshipandTaxfillingScreens" name="validateRelationshipandTax" time="0.000">
    <skipped/>
  </testcase> <!-- validateRelationshipandTax -->
  <system-out/>
  <testcase classname="MAINEtest.test_RelationshipandTaxfillingScreens" name="validateRelationshipandTax" time="0.000">
    <skipped/>
  </testcase> <!-- validateRelationshipandTax -->
  <system-out/>
  <testcase classname="MAINEtest.test_RelationshipandTaxfillingScreens" name="validateRelationshipandTax" time="0.000">
    <skipped/>
  </testcase> <!-- validateRelationshipandTax -->
  <system-out/>
  <testcase classname="MAINEtest.test_RelationshipandTaxfillingScreens" name="validateRelationshipandTax" time="0.000">
    <skipped/>
  </testcase> <!-- validateRelationshipandTax -->
  <system-out/>
  <testcase classname="MAINEtest.test_RelationshipandTaxfillingScreens" name="validateRelationshipandTax" time="0.000">
    <skipped/>
  </testcase> <!-- validateRelationshipandTax -->
  <system-out/>
  <testcase classname="MAINEtest.test_RelationshipandTaxfillingScreens" name="validateRelationshipandTax" time="0.000">
    <skipped/>
  </testcase> <!-- validateRelationshipandTax -->
  <system-out/>
  <testcase classname="MAINEtest.test_RelationshipandTaxfillingScreens" name="validateRelationshipandTax" time="0.000">
    <skipped/>
  </testcase> <!-- validateRelationshipandTax -->
  <system-out/>
  <testcase classname="MAINEtest.test_RelationshipandTaxfillingScreens" name="validateRelationshipandTax" time="0.000">
    <skipped/>
  </testcase> <!-- validateRelationshipandTax -->
  <system-out/>
  <testcase classname="MAINEtest.test_RelationshipandTaxfillingScreens" name="validateRelationshipandTax" time="0.000">
    <skipped/>
  </testcase> <!-- validateRelationshipandTax -->
  <system-out/>
  <testcase classname="MAINEtest.test_RelationshipandTaxfillingScreens" name="validateRelationshipandTax" time="0.000">
    <skipped/>
  </testcase> <!-- validateRelationshipandTax -->
  <system-out/>
  <testcase classname="MAINEtest.test_RelationshipandTaxfillingScreens" name="validateRelationshipandTax" time="0.000">
    <skipped/>
  </testcase> <!-- validateRelationshipandTax -->
  <system-out/>
  <testcase classname="MAINEtest.test_RelationshipandTaxfillingScreens" name="validateRelationshipandTax" time="0.000">
    <skipped/>
  </testcase> <!-- validateRelationshipandTax -->
  <system-out/>
  <testcase classname="MAINEtest.test_RelationshipandTaxfillingScreens" name="validateRelationshipandTax" time="0.000">
    <skipped/>
  </testcase> <!-- validateRelationshipandTax -->
  <system-out/>
  <testcase classname="MAINEtest.test_RelationshipandTaxfillingScreens" name="validateRelationshipandTax" time="0.000">
    <skipped/>
  </testcase> <!-- validateRelationshipandTax -->
  <system-out/>
  <testcase classname="MAINEtest.test_RelationshipandTaxfillingScreens" name="validateRelationshipandTax" time="0.000">
    <skipped/>
  </testcase> <!-- validateRelationshipandTax -->
  <system-out/>
  <testcase classname="MAINEtest.test_RelationshipandTaxfillingScreens" name="validateRelationshipandTax" time="0.000">
    <skipped/>
  </testcase> <!-- validateRelationshipandTax -->
  <system-out/>
  <testcase classname="MAINEtest.test_RelationshipandTaxfillingScreens" name="validateRelationshipandTax" time="0.000">
    <skipped/>
  </testcase> <!-- validateRelationshipandTax -->
  <system-out/>
  <testcase classname="MAINEtest.test_RelationshipandTaxfillingScreens" name="validateRelationshipandTax" time="0.000">
    <skipped/>
  </testcase> <!-- validateRelationshipandTax -->
  <system-out/>
  <testcase classname="MAINEtest.test_RelationshipandTaxfillingScreens" name="validateRelationshipandTax" time="0.000">
    <skipped/>
  </testcase> <!-- validateRelationshipandTax -->
  <system-out/>
  <testcase classname="MAINEtest.test_RelationshipandTaxfillingScreens" name="validateRelationshipandTax" time="0.000">
    <skipped/>
  </testcase> <!-- validateRelationshipandTax -->
  <system-out/>
  <testcase classname="MAINEtest.test_RelationshipandTaxfillingScreens" name="validateRelationshipandTax" time="0.000">
    <skipped/>
  </testcase> <!-- validateRelationshipandTax -->
  <system-out/>
</testsuite> <!-- MAINEtest.test_RelationshipandTaxfillingScreens -->
