<?xml version="1.0" encoding="UTF-8"?>
<!-- Generated by org.testng.reporters.JUnitReportReporter -->
<testsuite hostname="USMUMSHREYDIX1" failures="0" tests="1" name="resources.Rough" time="0.004" errors="0" timestamp="2021-10-13T16:04:30 IST" skipped="0">
  <testcase classname="resources.Rough" name="setAsset" time="0.004"/>
  <system-out/>
</testsuite> <!-- resources.Rough -->
