<?xml version="1.0" encoding="UTF-8"?>
<!-- Generated by org.testng.reporters.JUnitReportReporter -->
<testsuite hostname="USMUMSHREYDIX1" failures="0" tests="3" name="MAINEtest.test_CreateNewAccount" time="51.682" errors="0" timestamp="2021-07-29T17:42:45 IST" skipped="0">
  <testcase classname="MAINEtest.test_CreateNewAccount" name="goToCreateNewAccount" time="1.497"/>
  <system-out/>
  <testcase classname="MAINEtest.test_CreateNewAccount" name="enterDetails" time="24.826"/>
  <system-out/>
  <testcase classname="MAINEtest.test_CreateNewAccount" name="mailinator" time="25.359"/>
  <system-out/>
</testsuite> <!-- MAINEtest.test_CreateNewAccount -->
