<?xml version="1.0" encoding="UTF-8"?>
<!-- Generated by org.testng.reporters.JUnitReportReporter -->
<testsuite hostname="USBLRMKALAMSHA7" failures="0" tests="1" name="MAINEtest.test_LandingPage" time="0.091" errors="0" timestamp="2021-02-07T09:43:16 IST" skipped="0">
  <testcase classname="MAINEtest.test_LandingPage" name="validateAppTitle" time="0.091"/>
  <system-out/>
</testsuite> <!-- MAINEtest.test_LandingPage -->
