<?xml version="1.0" encoding="UTF-8"?>
<!-- Generated by org.testng.reporters.JUnitReportReporter -->
<testsuite hostname="USBLRMKALAMSHA7" failures="0" tests="7" name="MAINEtest.test_ContactScreen" time="0.000" errors="0" timestamp="2021-12-01T11:45:03 IST" skipped="7">
  <testcase classname="MAINEtest.test_ContactScreen" name="validateprimaryContactInformation" time="0.000">
    <skipped/>
  </testcase> <!-- validateprimaryContactInformation -->
  <system-out/>
  <testcase classname="MAINEtest.test_ContactScreen" name="secondaryContactInformation" time="0.000">
    <skipped/>
  </testcase> <!-- secondaryContactInformation -->
  <system-out/>
  <testcase classname="MAINEtest.test_ContactScreen" name="secondaryContactInformation" time="0.000">
    <skipped/>
  </testcase> <!-- secondaryContactInformation -->
  <system-out/>
  <testcase classname="MAINEtest.test_ContactScreen" name="secondaryContactInformation" time="0.000">
    <skipped/>
  </testcase> <!-- secondaryContactInformation -->
  <system-out/>
  <testcase classname="MAINEtest.test_ContactScreen" name="secondaryContactInformation" time="0.000">
    <skipped/>
  </testcase> <!-- secondaryContactInformation -->
  <system-out/>
  <testcase classname="MAINEtest.test_ContactScreen" name="secondaryContactInformation" time="0.000">
    <skipped/>
  </testcase> <!-- secondaryContactInformation -->
  <system-out/>
  <testcase classname="MAINEtest.test_ContactScreen" name="secondaryContactInformation" time="0.000">
    <skipped/>
  </testcase> <!-- secondaryContactInformation -->
  <system-out/>
</testsuite> <!-- MAINEtest.test_ContactScreen -->
