<?xml version="1.0" encoding="UTF-8"?>
<!-- Generated by org.testng.reporters.JUnitReportReporter -->
<testsuite hostname="USBLRMKALAMSHA7" failures="0" tests="2" name="MAINEtest.test_HHInfo_OAssetScreen" time="12.606" errors="0" timestamp="2021-12-01T17:27:28 IST" skipped="1">
  <testcase classname="MAINEtest.test_HHInfo_OAssetScreen" name="testClass" time="12.606"/>
  <system-out/>
  <testcase classname="MAINEtest.test_HHInfo_OAssetScreen" name="otherAssetSelection">
    <skipped/>
  </testcase> <!-- otherAssetSelection -->
  <system-out/>
</testsuite> <!-- MAINEtest.test_HHInfo_OAssetScreen -->
