<?xml version="1.0" encoding="UTF-8"?>
<!-- Generated by org.testng.reporters.JUnitReportReporter -->
<testsuite hostname="USBLRMKALAMSHA7" failures="0" tests="1" name="MAINEtest.test_Dashboard" time="0.000" errors="0" timestamp="2021-12-01T11:45:03 IST" skipped="1">
  <testcase classname="MAINEtest.test_Dashboard" name="validateWelcomeScreen" time="0.000">
    <skipped/>
  </testcase> <!-- validateWelcomeScreen -->
  <system-out/>
</testsuite> <!-- MAINEtest.test_Dashboard -->
