<?xml version="1.0" encoding="UTF-8"?>
<!-- Generated by org.testng.reporters.JUnitReportReporter -->
<testsuite hostname="USBLRMKALAMSHA7" failures="0" tests="6" name="com.testing.cpsat.mock.Mock1question2Sample" time="3.818" errors="0" timestamp="2021-09-06T14:46:22 IST" skipped="0">
  <testcase classname="com.testing.cpsat.mock.Mock1question2Sample" name="testMethod" time="0.783"/>
  <system-out/>
  <testcase classname="com.testing.cpsat.mock.Mock1question2Sample" name="testM" time="0.742"/>
  <system-out/>
  <testcase classname="com.testing.cpsat.mock.Mock1question2Sample" name="testM" time="0.582"/>
  <system-out/>
  <testcase classname="com.testing.cpsat.mock.Mock1question2Sample" name="testM" time="0.430"/>
  <system-out/>
  <testcase classname="com.testing.cpsat.mock.Mock1question2Sample" name="testM" time="0.831"/>
  <system-out/>
  <testcase classname="com.testing.cpsat.mock.Mock1question2Sample" name="testM" time="0.450"/>
  <system-out/>
</testsuite> <!-- com.testing.cpsat.mock.Mock1question2Sample -->
