<?xml version="1.0" encoding="UTF-8"?>
<!-- Generated by org.testng.reporters.JUnitReportReporter -->
<testsuite hostname="USBLRMKALAMSHA7" failures="0" tests="1" name="com.testing.cpsat.mock.ExamQ1" time="24.117" errors="0" timestamp="2021-08-30T11:47:15 IST" skipped="0">
  <testcase classname="com.testing.cpsat.mock.ExamQ1" name="test" time="24.117"/>
  <system-out/>
</testsuite> <!-- com.testing.cpsat.mock.ExamQ1 -->
