<?xml version="1.0" encoding="UTF-8"?>
<!-- Generated by org.testng.reporters.JUnitReportReporter -->
<testsuite hostname="USBLRMKALAMSHA7" failures="0" tests="1" name="com.testing.cpsat.mock.Set1Bquestion2" time="44.418" errors="0" timestamp="2021-09-02T10:51:43 IST" skipped="0">
  <testcase classname="com.testing.cpsat.mock.Set1Bquestion2" name="test" time="44.418"/>
  <system-out/>
</testsuite> <!-- com.testing.cpsat.mock.Set1Bquestion2 -->
