<?xml version="1.0" encoding="UTF-8"?>
<!-- Generated by org.testng.reporters.JUnitReportReporter -->
<testsuite hostname="USBLRMKALAMSHA7" failures="0" tests="1" name="com.testing.cpsat.mock.Mock2question1" time="64.607" errors="0" timestamp="2021-09-04T20:40:23 IST" skipped="0">
  <testcase classname="com.testing.cpsat.mock.Mock2question1" name="test" time="64.607"/>
  <system-out/>
</testsuite> <!-- com.testing.cpsat.mock.Mock2question1 -->
