<?xml version="1.0" encoding="UTF-8"?>
<!-- Generated by org.testng.reporters.JUnitReportReporter -->
<testsuite hostname="USBLRMKALAMSHA7" failures="0" tests="1" name="com.testing.cpsat.mock.Set3question3" time="1.090" errors="0" timestamp="2021-09-02T11:22:43 IST" skipped="0">
  <testcase classname="com.testing.cpsat.mock.Set3question3" name="test" time="1.090"/>
  <system-out/>
</testsuite> <!-- com.testing.cpsat.mock.Set3question3 -->
