<?xml version="1.0" encoding="UTF-8"?>
<!-- Generated by org.testng.reporters.JUnitReportReporter -->
<testsuite hostname="USBLRMKALAMSHA7" failures="0" tests="1" name="com.testing.cpsat.mock.Mock1question4" time="35.180" errors="0" timestamp="2021-09-04T14:33:14 IST" skipped="0">
  <testcase classname="com.testing.cpsat.mock.Mock1question4" name="test" time="35.180"/>
  <system-out/>
</testsuite> <!-- com.testing.cpsat.mock.Mock1question4 -->
