<?xml version="1.0" encoding="UTF-8"?>
<!-- Generated by org.testng.reporters.JUnitReportReporter -->
<testsuite hostname="USBLRMKALAMSHA7" failures="0" tests="1" name="com.testing.cpsat.mock.Question3" time="25.506" errors="0" timestamp="2021-08-19T13:54:24 IST" skipped="0">
  <testcase classname="com.testing.cpsat.mock.Question3" name="ciiAgriculturePageTester" time="25.506"/>
  <system-out/>
</testsuite> <!-- com.testing.cpsat.mock.Question3 -->
