<?xml version="1.0" encoding="UTF-8"?>
<!-- Generated by org.testng.reporters.JUnitReportReporter -->
<testsuite hostname="USBLRHIMANSHUJ1" name="practice2.Question5" tests="1" failures="0" timestamp="25 Nov 2019 20:26:15 GMT" time="75.034" errors="0">
  <testcase name="Test1" time="75.034" classname="practice2.Question5"/>
</testsuite> <!-- practice2.Question5 -->
