<?xml version="1.0" encoding="UTF-8"?>
<!-- Generated by org.testng.reporters.JUnitReportReporter -->
<testsuite hostname="USBLRMKALAMSHA7" failures="0" tests="1" name="com.testing.cpsat.mock.Mock1question1" time="37.055" errors="0" timestamp="2021-09-03T12:41:56 IST" skipped="0">
  <testcase classname="com.testing.cpsat.mock.Mock1question1" name="test" time="37.055"/>
  <system-out/>
</testsuite> <!-- com.testing.cpsat.mock.Mock1question1 -->
