<?xml version="1.0" encoding="UTF-8"?>
<!-- Generated by org.testng.reporters.JUnitReportReporter -->
<testsuite hostname="USBLRMKALAMSHA7" failures="0" tests="1" name="com.testing.cpsat.mock.DummyTestng" time="13.631" errors="0" timestamp="2021-09-07T18:14:19 IST" skipped="0">
  <testcase classname="com.testing.cpsat.mock.DummyTestng" name="test" time="13.631"/>
  <system-out/>
</testsuite> <!-- com.testing.cpsat.mock.DummyTestng -->
