<?xml version="1.0" encoding="UTF-8"?>
<!-- Generated by org.testng.reporters.JUnitReportReporter -->
<testsuite hostname="USBLRMKALAMSHA7" failures="0" tests="1" name="com.testing.cpsat.mock.Set3question2" time="12.479" errors="0" timestamp="2021-09-02T11:10:25 IST" skipped="0">
  <testcase classname="com.testing.cpsat.mock.Set3question2" name="test" time="12.479"/>
  <system-out/>
</testsuite> <!-- com.testing.cpsat.mock.Set3question2 -->
