<?xml version="1.0" encoding="UTF-8"?>
<!-- Generated by org.testng.reporters.JUnitReportReporter -->
<testsuite hostname="USBLRMKALAMSHA7" failures="0" tests="1" name="com.testing.cpsat.mock.Mock2question4" time="98.627" errors="0" timestamp="2021-09-07T17:40:22 IST" skipped="0">
  <testcase classname="com.testing.cpsat.mock.Mock2question4" name="test" time="98.627"/>
  <system-out/>
</testsuite> <!-- com.testing.cpsat.mock.Mock2question4 -->
