<?xml version="1.0" encoding="UTF-8"?>
<!-- Generated by org.testng.reporters.JUnitReportReporter -->
<testsuite hostname="USBLRHIMANSHUJ1" failures="0" tests="1" name="com.testing.cpsat.mock.ToolTip" time="13.256" errors="0" timestamp="2020-07-22T10:00:14 IST" skipped="0">
  <testcase classname="com.testing.cpsat.mock.ToolTip" name="takeScreenShotToolTip" time="13.256"/>
</testsuite> <!-- com.testing.cpsat.mock.ToolTip -->
