<?xml version="1.0" encoding="UTF-8"?>
<!-- Generated by org.testng.reporters.JUnitReportReporter -->
<testsuite hostname="USBLRHIMANSHUJ1" name="cpsatExamTestNG.Question1" tests="1" failures="0" timestamp="27 Nov 2019 05:32:58 GMT" time="57.215" errors="0">
  <testcase name="Test1" time="57.215" classname="cpsatExamTestNG.Question1"/>
</testsuite> <!-- cpsatExamTestNG.Question1 -->
