<?xml version="1.0" encoding="UTF-8"?>
<!-- Generated by org.testng.reporters.JUnitReportReporter -->
<testsuite hostname="USBLRHIMANSHUJ1" failures="0" tests="1" name="com.testing.cpsat.mock.Question3" time="25.561" errors="0" timestamp="2020-07-23T16:35:19 IST" skipped="0">
  <testcase classname="com.testing.cpsat.mock.Question3" name="ciiAgriculturePageTester" time="25.561"/>
</testsuite> <!-- com.testing.cpsat.mock.Question3 -->
