<?xml version="1.0" encoding="UTF-8"?>
<!-- Generated by org.testng.reporters.JUnitReportReporter -->
<testsuite skipped="0" hostname="USBLRMKALAMSHA7" name="MAINE.IntakeTest" tests="1" failures="0" timestamp="2021-01-27T14:48:06 IST" time="0.000" errors="0">
  <testcase name="InHome" time="0.000" classname="MAINE.IntakeTest"/>
  <system-out/>
</testsuite> <!-- MAINE.IntakeTest -->
