<?xml version="1.0" encoding="UTF-8"?>
<!-- Generated by org.testng.reporters.JUnitReportReporter -->
<testsuite skipped="0" hostname="USBLRMKALAMSHA7" name="MAINE.HHTest" tests="1" failures="0" timestamp="2021-01-27T14:48:06 IST" time="0.005" errors="0">
  <testcase name="HH" time="0.005" classname="MAINE.HHTest"/>
  <system-out/>
</testsuite> <!-- MAINE.HHTest -->
