<?xml version="1.0" encoding="UTF-8"?>
<!-- Generated by org.testng.reporters.JUnitReportReporter -->
<testsuite hostname="USBLRMKALAMSHA7" failures="0" tests="1" name="dockertesting.dockerValidtn.TestSample1" time="0.022" errors="0" timestamp="2022-02-25T10:25:34 IST" skipped="0">
  <testcase classname="dockertesting.dockerValidtn.TestSample1" name="test_Stream" time="0.022"/>
  <system-out/>
</testsuite> <!-- dockertesting.dockerValidtn.TestSample1 -->
