<?xml version="1.0" encoding="UTF-8"?>
<!-- Generated by org.testng.reporters.JUnitReportReporter -->
<testsuite hostname="USBLRMKALAMSHA7" failures="0" tests="1" name="dockertesting.dockerValidtn.ChromeTest2" time="25.391" errors="0" timestamp="2022-02-23T10:51:08 IST" skipped="0">
  <testcase classname="dockertesting.dockerValidtn.ChromeTest2" name="testChrome1" time="25.391"/>
  <system-out/>
</testsuite> <!-- dockertesting.dockerValidtn.ChromeTest2 -->
