<?xml version="1.0" encoding="UTF-8"?>
<!-- Generated by org.testng.reporters.JUnitReportReporter -->
<testsuite hostname="USBLRMKALAMSHA7" failures="0" tests="1" name="dockertesting.dockerValidtn.ChromeTest1" time="6.211" errors="0" timestamp="2022-02-25T18:52:33 IST" skipped="0">
  <testcase classname="dockertesting.dockerValidtn.ChromeTest1" name="testChrome1" time="6.211"/>
  <system-out/>
</testsuite> <!-- dockertesting.dockerValidtn.ChromeTest1 -->
