<?xml version="1.0" encoding="UTF-8"?>
<!-- Generated by org.testng.reporters.JUnitReportReporter -->
<testsuite hostname="USBLRMKALAMSHA7" failures="0" tests="1" name="com.testing.cpsat.mock.Practice1" time="17.897" errors="0" timestamp="2021-09-24T13:37:12 IST" skipped="0">
  <testcase classname="com.testing.cpsat.mock.Practice1" name="test" time="17.897"/>
  <system-out/>
</testsuite> <!-- com.testing.cpsat.mock.Practice1 -->
