<?xml version="1.0" encoding="UTF-8"?>
<!-- Generated by org.testng.reporters.JUnitReportReporter -->
<testsuite hostname="USBLRHIMANSHUJ1" name="cpsatExamTestNG.Question2" tests="1" failures="0" timestamp="27 Nov 2019 05:31:28 GMT" time="293.457" errors="0">
  <testcase name="Test1" time="293.457" classname="cpsatExamTestNG.Question2"/>
</testsuite> <!-- cpsatExamTestNG.Question2 -->
