<?xml version="1.0" encoding="UTF-8"?>
<!-- Generated by org.testng.reporters.JUnitReportReporter -->
<testsuite hostname="USBLRHIMANSHUJ1" failures="0" tests="1" name="com.testing.cpsat.mock.Question3" time="34.795" errors="0" timestamp="2020-07-21T00:31:05 IST" skipped="0">
  <testcase classname="com.testing.cpsat.mock.Question3" name="ciiAgriculturePageTester" time="34.795"/>
</testsuite> <!-- com.testing.cpsat.mock.Question3 -->
