<?xml version="1.0" encoding="UTF-8"?>
<!-- Generated by org.testng.reporters.JUnitReportReporter -->
<testsuite hostname="USBLRHIMANSHUJ1" failures="0" tests="1" name="com.testing.cpsat.mock.ToolTip" time="12.930" errors="0" timestamp="2020-07-21T00:54:31 IST" skipped="0">
  <testcase classname="com.testing.cpsat.mock.ToolTip" name="takeScreenShotToolTip" time="12.930"/>
</testsuite> <!-- com.testing.cpsat.mock.ToolTip -->
