<?xml version="1.0" encoding="UTF-8"?>
<!-- Generated by org.testng.reporters.JUnitReportReporter -->
<testsuite hostname="USBLRMKALAMSHA7" failures="0" tests="6" name="com.testing.cpsat.mock.Sep25P2" time="46.173" errors="0" timestamp="2021-09-25T12:49:46 IST" skipped="0">
  <testcase classname="com.testing.cpsat.mock.Sep25P2" name="initial" time="3.660"/>
  <system-out/>
  <testcase classname="com.testing.cpsat.mock.Sep25P2" name="testpro" time="8.420"/>
  <system-out/>
  <testcase classname="com.testing.cpsat.mock.Sep25P2" name="testpro" time="8.462"/>
  <system-out/>
  <testcase classname="com.testing.cpsat.mock.Sep25P2" name="testpro" time="8.701"/>
  <system-out/>
  <testcase classname="com.testing.cpsat.mock.Sep25P2" name="testpro" time="8.467"/>
  <system-out/>
  <testcase classname="com.testing.cpsat.mock.Sep25P2" name="testpro" time="8.463"/>
  <system-out/>
</testsuite> <!-- com.testing.cpsat.mock.Sep25P2 -->
