<?xml version="1.0" encoding="UTF-8"?>
<!-- Generated by org.testng.reporters.JUnitReportReporter -->
<testsuite hostname="USBLRMKALAMSHA7" failures="0" tests="1" name="com.testing.cpsat.mock.PracticeSet3question4" time="2.953" errors="0" timestamp="2021-09-24T17:58:07 IST" skipped="0">
  <testcase classname="com.testing.cpsat.mock.PracticeSet3question4" name="test" time="2.953"/>
  <system-out/>
</testsuite> <!-- com.testing.cpsat.mock.PracticeSet3question4 -->
