<?xml version="1.0" encoding="UTF-8"?>
<!-- Generated by org.testng.reporters.JUnitReportReporter -->
<testsuite hostname="USBLRMKALAMSHA7" failures="0" tests="1" name="com.testing.cpsat.mock.Sep25P1" time="26.735" errors="0" timestamp="2021-09-25T12:49:46 IST" skipped="0">
  <testcase classname="com.testing.cpsat.mock.Sep25P1" name="test" time="26.735"/>
  <system-out/>
</testsuite> <!-- com.testing.cpsat.mock.Sep25P1 -->
