<?xml version="1.0" encoding="UTF-8"?>
<!-- Generated by org.testng.reporters.JUnitReportReporter -->
<testsuite hostname="USBLRMKALAMSHA7" failures="0" tests="1" name="com.testing.cpsat.mock.ExamQ1" time="19.239" errors="0" timestamp="2021-09-17T14:36:32 IST" skipped="0">
  <testcase classname="com.testing.cpsat.mock.ExamQ1" name="test" time="19.239"/>
  <system-out/>
</testsuite> <!-- com.testing.cpsat.mock.ExamQ1 -->
