<?xml version="1.0" encoding="UTF-8"?>
<!-- Generated by org.testng.reporters.JUnitReportReporter -->
<testsuite hostname="USBLRMKALAMSHA7" failures="0" tests="1" name="com.testing.cpsat.mock.Set1Aquestion2" time="89.690" errors="0" timestamp="2021-09-01T21:28:29 IST" skipped="0">
  <testcase classname="com.testing.cpsat.mock.Set1Aquestion2" name="Test" time="89.690"/>
  <system-out/>
</testsuite> <!-- com.testing.cpsat.mock.Set1Aquestion2 -->
