<?xml version="1.0" encoding="UTF-8"?>
<!-- Generated by org.testng.reporters.JUnitReportReporter -->
<testsuite hostname="USBLRMKALAMSHA7" failures="0" tests="1" name="com.testing.cpsat.mock.Set1Bquestion1" time="19.599" errors="0" timestamp="2021-09-01T22:17:53 IST" skipped="0">
  <testcase classname="com.testing.cpsat.mock.Set1Bquestion1" name="test" time="19.599"/>
  <system-out/>
</testsuite> <!-- com.testing.cpsat.mock.Set1Bquestion1 -->
