<?xml version="1.0" encoding="UTF-8"?>
<!-- Generated by org.testng.reporters.JUnitReportReporter -->
<testsuite hostname="USBLRMKALAMSHA7" failures="0" tests="1" name="com.testing.cpsat.mock.Question1" time="22.809" errors="0" timestamp="2021-08-19T14:13:11 IST" skipped="0">
  <testcase classname="com.testing.cpsat.mock.Question1" name="test" time="22.809"/>
  <system-out/>
</testsuite> <!-- com.testing.cpsat.mock.Question1 -->
