<?xml version="1.0" encoding="UTF-8"?>
<!-- Generated by org.testng.reporters.JUnitReportReporter -->
<testsuite hostname="USBLRMKALAMSHA7" failures="0" tests="6" name="com.testing.cpsat.mock.Mock2question2" time="37.863" errors="0" timestamp="2021-09-06T19:22:10 IST" skipped="0">
  <testcase classname="com.testing.cpsat.mock.Mock2question2" name="initial" time="3.915"/>
  <system-out/>
  <testcase classname="com.testing.cpsat.mock.Mock2question2" name="test" time="6.802"/>
  <system-out/>
  <testcase classname="com.testing.cpsat.mock.Mock2question2" name="test" time="7.047"/>
  <system-out/>
  <testcase classname="com.testing.cpsat.mock.Mock2question2" name="test" time="6.776"/>
  <system-out/>
  <testcase classname="com.testing.cpsat.mock.Mock2question2" name="test" time="6.631"/>
  <system-out/>
  <testcase classname="com.testing.cpsat.mock.Mock2question2" name="test" time="6.692"/>
  <system-out/>
</testsuite> <!-- com.testing.cpsat.mock.Mock2question2 -->
