<?xml version="1.0" encoding="UTF-8"?>
<!-- Generated by org.testng.reporters.JUnitReportReporter -->
<testsuite hostname="USBLRMKALAMSHA7" failures="0" tests="1" name="com.testing.cpsat.mock.Set9question1" time="16.836" errors="0" timestamp="2021-09-02T11:53:03 IST" skipped="0">
  <testcase classname="com.testing.cpsat.mock.Set9question1" name="test" time="16.836"/>
  <system-out/>
</testsuite> <!-- com.testing.cpsat.mock.Set9question1 -->
