<?xml version="1.0" encoding="UTF-8"?>
<!-- Generated by org.testng.reporters.JUnitReportReporter -->
<testsuite hostname="USBLRMKALAMSHA7" failures="0" tests="1" name="com.testing.cpsat.mock.Mock1question2" time="43.126" errors="0" timestamp="2021-09-06T14:30:57 IST" skipped="0">
  <testcase classname="com.testing.cpsat.mock.Mock1question2" name="test" time="43.126"/>
  <system-out/>
</testsuite> <!-- com.testing.cpsat.mock.Mock1question2 -->
