<?xml version="1.0" encoding="UTF-8"?>
<!-- Generated by org.testng.reporters.JUnitReportReporter -->
<testsuite hostname="USBLRMKALAMSHA7" failures="0" tests="1" name="com.testing.cpsat.mock.Set2Bquestion1" time="24.155" errors="0" timestamp="2021-09-02T11:04:08 IST" skipped="0">
  <testcase classname="com.testing.cpsat.mock.Set2Bquestion1" name="test" time="24.155"/>
  <system-out/>
</testsuite> <!-- com.testing.cpsat.mock.Set2Bquestion1 -->
