<?xml version="1.0" encoding="UTF-8"?>
<!-- Generated by org.testng.reporters.JUnitReportReporter -->
<testsuite hostname="USBLRMKALAMSHA7" failures="0" tests="1" name="com.testing.cpsat.mock.Set10question3" time="0.362" errors="0" timestamp="2021-09-02T12:36:21 IST" skipped="0">
  <testcase classname="com.testing.cpsat.mock.Set10question3" name="test" time="0.362"/>
  <system-out/>
</testsuite> <!-- com.testing.cpsat.mock.Set10question3 -->
