<?xml version="1.0" encoding="UTF-8"?>
<!-- Generated by org.testng.reporters.JUnitReportReporter -->
<testsuite hostname="USBLRMKALAMSHA7" failures="0" tests="1" name="com.testing.cpsat.mock.Set8question1" time="15.005" errors="0" timestamp="2021-09-02T16:30:22 IST" skipped="0">
  <testcase classname="com.testing.cpsat.mock.Set8question1" name="test" time="15.005"/>
  <system-out/>
</testsuite> <!-- com.testing.cpsat.mock.Set8question1 -->
