<?xml version="1.0" encoding="UTF-8"?>
<!-- Generated by org.testng.reporters.JUnitReportReporter -->
<testsuite hostname="USBLRHIMANSHUJ1" name="practice2.Question1" tests="1" failures="0" timestamp="24 Nov 2019 18:18:30 GMT" time="51.148" errors="0">
  <testcase name="Test1" time="51.148" classname="practice2.Question1"/>
</testsuite> <!-- practice2.Question1 -->
