<?xml version="1.0" encoding="UTF-8"?>
<!-- Generated by org.testng.reporters.JUnitReportReporter -->
<testsuite hostname="USBLRMKALAMSHA7" failures="0" tests="1" name="com.testing.cpsat.mock.Set6question1" time="50.813" errors="0" timestamp="2021-09-02T11:36:01 IST" skipped="0">
  <testcase classname="com.testing.cpsat.mock.Set6question1" name="test" time="50.813"/>
  <system-out/>
</testsuite> <!-- com.testing.cpsat.mock.Set6question1 -->
