<?xml version="1.0" encoding="UTF-8"?>
<!-- Generated by org.testng.reporters.JUnitReportReporter -->
<testsuite hostname="USBLRMKALAMSHA7" failures="0" tests="1" name="com.testing.cpsat.mock.Set2Aquestion4" time="45.945" errors="0" timestamp="2021-09-02T10:56:42 IST" skipped="0">
  <testcase classname="com.testing.cpsat.mock.Set2Aquestion4" name="test" time="45.945"/>
  <system-out/>
</testsuite> <!-- com.testing.cpsat.mock.Set2Aquestion4 -->
