<?xml version="1.0" encoding="UTF-8"?>
<!-- Generated by org.testng.reporters.JUnitReportReporter -->
<testsuite hostname="USBLRMKALAMSHA7" failures="0" tests="3" name="Addbookeg" time="2.297" errors="0" timestamp="2022-03-01T14:22:19 IST" skipped="0">
  <testcase classname="Addbookeg" name="test_addbook" time="2.065"/>
  <system-out/>
  <testcase classname="Addbookeg" name="test_addbook" time="0.123"/>
  <system-out/>
  <testcase classname="Addbookeg" name="test_addbook" time="0.109"/>
  <system-out/>
</testsuite> <!-- Addbookeg -->
