<?xml version="1.0" encoding="UTF-8"?>
<!-- Generated by org.testng.reporters.JUnitReportReporter -->
<testsuite hostname="USBLRMKALAMSHA7" failures="0" tests="1" name="test.Day1" time="0.013" errors="0" timestamp="2022-03-07T13:17:50 IST" skipped="0">
  <testcase classname="test.Day1" name="demo2" time="0.013"/>
  <system-out/>
</testsuite> <!-- test.Day1 -->
